[1747] Fri Aug  7 11:52:06 2020 :: Configuration read from /etc/gridftp.conf.
[1747] Fri Aug  7 11:52:06 2020 :: Server started in daemon mode.
[1751] Fri Aug  7 11:59:29 2020 :: Configuration read from /etc/gridftp.conf.
[1751] Fri Aug  7 11:59:29 2020 :: Server started in inetd mode.
[1751] Fri Aug  7 11:59:29 2020 :: New connection from: testsuite.test.example:60628
[1751] Fri Aug  7 11:59:29 2020 :: DN /C=IT/O=IGI/CN=test0 successfully authorized.
[1751] Fri Aug  7 11:59:29 2020 :: User tstvo013 successfully authorized.
[1751] Fri Aug  7 11:59:29 2020 :: Starting to transfer "/storage/test.vo/storm-testsuite_11572107082020/tmp.L2Fibn7AgA".
[1751] Fri Aug  7 11:59:29 2020 :: Finished transferring "/storage/test.vo/storm-testsuite_11572107082020/tmp.L2Fibn7AgA".
[1751] Fri Aug  7 11:59:29 2020 :: Closed connection from testsuite.test.example:60628
[1747] Fri Aug  7 11:59:29 2020 :: Child process 1751 ended with rc = 0
[1752] Fri Aug  7 11:59:31 2020 :: Configuration read from /etc/gridftp.conf.
[1752] Fri Aug  7 11:59:31 2020 :: Server started in inetd mode.
[1752] Fri Aug  7 11:59:31 2020 :: New connection from: testsuite.test.example:60646
[1752] Fri Aug  7 11:59:31 2020 :: DN /C=IT/O=IGI/CN=test0 successfully authorized.
[1752] Fri Aug  7 11:59:31 2020 :: User tstvo013 successfully authorized.
[1752] Fri Aug  7 11:59:31 2020 :: Starting to transfer "/storage/test.vo/storm-testsuite_11572107082020/tmp.rqiQ3OuUsi".
[1752] Fri Aug  7 11:59:31 2020 :: Finished transferring "/storage/test.vo/storm-testsuite_11572107082020/tmp.rqiQ3OuUsi".
[1752] Fri Aug  7 11:59:31 2020 :: Closed connection from testsuite.test.example:60646
[1753] Fri Aug  7 11:59:33 2020 :: Configuration read from /etc/gridftp.conf.
[1753] Fri Aug  7 11:59:33 2020 :: Server started in inetd mode.
[1753] Fri Aug  7 11:59:33 2020 :: New connection from: testsuite.test.example:60660
[1753] Fri Aug  7 11:59:33 2020 :: DN /C=IT/O=IGI/CN=test0 successfully authorized.
[1753] Fri Aug  7 11:59:33 2020 :: User tstvo013 successfully authorized.
[1753] Fri Aug  7 11:59:33 2020 :: Starting to transfer "/storage/test.vo/storm-testsuite_11572107082020/tmp.fkymGhJETd/tmp.B66q4j0lEU".
[1753] Fri Aug  7 11:59:33 2020 :: Finished transferring "/storage/test.vo/storm-testsuite_11572107082020/tmp.fkymGhJETd/tmp.B66q4j0lEU".
[1753] Fri Aug  7 11:59:33 2020 :: Closed connection from testsuite.test.example:60660
[1754] Fri Aug  7 11:59:36 2020 :: Configuration read from /etc/gridftp.conf.
[1754] Fri Aug  7 11:59:36 2020 :: Server started in inetd mode.
[1754] Fri Aug  7 11:59:36 2020 :: New connection from: testsuite.test.example:60666
[1754] Fri Aug  7 11:59:36 2020 :: DN /C=IT/O=IGI/CN=test0 successfully authorized.
[1754] Fri Aug  7 11:59:36 2020 :: User tstvo013 successfully authorized.
[1754] Fri Aug  7 11:59:36 2020 :: Starting to transfer "/storage/test.vo/storm-testsuite_11572107082020/tmp.fkymGhJETd/tmp.fkymGhJETd/tmp.B66q4j0lEU".
[1754] Fri Aug  7 11:59:36 2020 :: Finished transferring "/storage/test.vo/storm-testsuite_11572107082020/tmp.fkymGhJETd/tmp.fkymGhJETd/tmp.B66q4j0lEU".
[1754] Fri Aug  7 11:59:36 2020 :: Closed connection from testsuite.test.example:60666
[1747] Fri Aug  7 11:59:31 2020 :: Child process 1752 ended with rc = 0
[1747] Fri Aug  7 11:59:33 2020 :: Child process 1753 ended with rc = 0
[1747] Fri Aug  7 11:59:36 2020 :: Child process 1754 ended with rc = 0
[1755] Fri Aug  7 11:59:39 2020 :: Configuration read from /etc/gridftp.conf.
[1755] Fri Aug  7 11:59:39 2020 :: Server started in inetd mode.
[1755] Fri Aug  7 11:59:39 2020 :: New connection from: testsuite.test.example:60724
[1755] Fri Aug  7 11:59:39 2020 :: DN /C=IT/O=IGI/CN=test0 successfully authorized.
[1755] Fri Aug  7 11:59:39 2020 :: User testdue008 successfully authorized.
[1755] Fri Aug  7 11:59:39 2020 :: Starting to transfer "/storage/nested/storm-testsuite_11572107082020/tmp.Wf6c3w0r9c/tmp.RZjDiqzIa8".
[1755] Fri Aug  7 11:59:39 2020 :: Finished transferring "/storage/nested/storm-testsuite_11572107082020/tmp.Wf6c3w0r9c/tmp.RZjDiqzIa8".
[1755] Fri Aug  7 11:59:39 2020 :: Closed connection from testsuite.test.example:60724
[1747] Fri Aug  7 11:59:39 2020 :: Child process 1755 ended with rc = 0
[1756] Fri Aug  7 11:59:47 2020 :: Configuration read from /etc/gridftp.conf.
[1756] Fri Aug  7 11:59:47 2020 :: Server started in inetd mode.
[1756] Fri Aug  7 11:59:47 2020 :: New connection from: testsuite.test.example:60798
[1756] Fri Aug  7 11:59:47 2020 :: DN /C=IT/O=IGI/CN=test0 successfully authorized.
[1756] Fri Aug  7 11:59:47 2020 :: User tstvo013 successfully authorized.
[1756] Fri Aug  7 11:59:47 2020 :: Starting to transfer "/storage/test.vo/storm-testsuite_11572107082020/tmp.CjoUJpEZqN".
[1756] Fri Aug  7 11:59:47 2020 :: Finished transferring "/storage/test.vo/storm-testsuite_11572107082020/tmp.CjoUJpEZqN".
[1756] Fri Aug  7 11:59:47 2020 :: Closed connection from testsuite.test.example:60798
[1757] Fri Aug  7 11:59:50 2020 :: Configuration read from /etc/gridftp.conf.
[1757] Fri Aug  7 11:59:50 2020 :: Server started in inetd mode.
[1757] Fri Aug  7 11:59:50 2020 :: New connection from: testsuite.test.example:60812
[1757] Fri Aug  7 11:59:50 2020 :: DN /C=IT/O=IGI/CN=test0 successfully authorized.
[1757] Fri Aug  7 11:59:50 2020 :: User tstvo013 successfully authorized.
[1757] Fri Aug  7 11:59:50 2020 :: Starting to transfer "/storage/test.vo/storm-testsuite_11572107082020/tmp.2mp9ge2nuf".
[1757] Fri Aug  7 11:59:50 2020 :: Finished transferring "/storage/test.vo/storm-testsuite_11572107082020/tmp.2mp9ge2nuf".
[1757] Fri Aug  7 11:59:50 2020 :: Closed connection from testsuite.test.example:60812
[1747] Fri Aug  7 11:59:47 2020 :: Child process 1756 ended with rc = 0
[1747] Fri Aug  7 11:59:50 2020 :: Child process 1757 ended with rc = 0
[1758] Fri Aug  7 11:59:51 2020 :: Configuration read from /etc/gridftp.conf.
[1758] Fri Aug  7 11:59:51 2020 :: Server started in inetd mode.
[1758] Fri Aug  7 11:59:51 2020 :: New connection from: testsuite.test.example:60818
[1758] Fri Aug  7 11:59:51 2020 :: DN /C=IT/O=IGI/CN=test0 successfully authorized.
[1758] Fri Aug  7 11:59:51 2020 :: User tstvo013 successfully authorized.
[1758] Fri Aug  7 11:59:51 2020 :: Starting to transfer "/storage/test.vo/storm-testsuite_11572107082020/tmp.2mp9ge2nuf.moved".
[1758] Fri Aug  7 11:59:51 2020 :: Finished transferring "/storage/test.vo/storm-testsuite_11572107082020/tmp.2mp9ge2nuf.moved".
[1758] Fri Aug  7 11:59:51 2020 :: Closed connection from testsuite.test.example:60818
[1759] Fri Aug  7 11:59:53 2020 :: Configuration read from /etc/gridftp.conf.
[1759] Fri Aug  7 11:59:53 2020 :: Server started in inetd mode.
[1759] Fri Aug  7 11:59:53 2020 :: New connection from: testsuite.test.example:60830
[1759] Fri Aug  7 11:59:53 2020 :: DN /C=IT/O=IGI/CN=test0 successfully authorized.
[1759] Fri Aug  7 11:59:53 2020 :: User tstvo013 successfully authorized.
[1759] Fri Aug  7 11:59:53 2020 :: Starting to transfer "/storage/test.vo/storm-testsuite_11572107082020/tmp.GlWd24j5t3".
[1759] Fri Aug  7 11:59:53 2020 :: Finished transferring "/storage/test.vo/storm-testsuite_11572107082020/tmp.GlWd24j5t3".
[1759] Fri Aug  7 11:59:53 2020 :: Closed connection from testsuite.test.example:60830
[1760] Fri Aug  7 11:59:55 2020 :: Configuration read from /etc/gridftp.conf.
[1760] Fri Aug  7 11:59:55 2020 :: Server started in inetd mode.
[1760] Fri Aug  7 11:59:55 2020 :: New connection from: testsuite.test.example:60846
[1760] Fri Aug  7 11:59:55 2020 :: DN /C=IT/O=IGI/CN=test0 successfully authorized.
[1760] Fri Aug  7 11:59:55 2020 :: User tstvo013 successfully authorized.
[1760] Fri Aug  7 11:59:55 2020 :: Starting to transfer "/storage/test.vo/storm-testsuite_11572107082020/tmp.7L0DqBHaZV/tmp.9iTbL3viRe".
[1760] Fri Aug  7 11:59:55 2020 :: Finished transferring "/storage/test.vo/storm-testsuite_11572107082020/tmp.7L0DqBHaZV/tmp.9iTbL3viRe".
[1760] Fri Aug  7 11:59:55 2020 :: Closed connection from testsuite.test.example:60846
[1747] Fri Aug  7 11:59:51 2020 :: Child process 1758 ended with rc = 0
[1747] Fri Aug  7 11:59:53 2020 :: Child process 1759 ended with rc = 0
[1747] Fri Aug  7 11:59:55 2020 :: Child process 1760 ended with rc = 0
[1761] Fri Aug  7 11:59:57 2020 :: Configuration read from /etc/gridftp.conf.
[1761] Fri Aug  7 11:59:57 2020 :: Server started in inetd mode.
[1761] Fri Aug  7 11:59:57 2020 :: New connection from: testsuite.test.example:60858
[1761] Fri Aug  7 11:59:57 2020 :: DN /C=IT/O=IGI/CN=test0 successfully authorized.
[1761] Fri Aug  7 11:59:57 2020 :: User tstvo013 successfully authorized.
[1761] Fri Aug  7 11:59:57 2020 :: Starting to transfer "/storage/test.vo/storm-testsuite_11572107082020/tmp.RKKSmHMuBM/tmp.KWc64F1eqs".
[1761] Fri Aug  7 11:59:57 2020 :: Finished transferring "/storage/test.vo/storm-testsuite_11572107082020/tmp.RKKSmHMuBM/tmp.KWc64F1eqs".
[1761] Fri Aug  7 11:59:57 2020 :: Closed connection from testsuite.test.example:60858
[1762] Fri Aug  7 11:59:59 2020 :: Configuration read from /etc/gridftp.conf.
[1762] Fri Aug  7 11:59:59 2020 :: Server started in inetd mode.
[1762] Fri Aug  7 11:59:59 2020 :: New connection from: testsuite.test.example:60874
[1762] Fri Aug  7 11:59:59 2020 :: DN /C=IT/O=IGI/CN=test0 successfully authorized.
[1762] Fri Aug  7 11:59:59 2020 :: User tstvo013 successfully authorized.
[1762] Fri Aug  7 11:59:59 2020 :: Starting to transfer "/storage/test.vo/storm-testsuite_11572107082020/tmp.JtUBKOlPQj/tmp.zEmjxHv5yc".
[1762] Fri Aug  7 11:59:59 2020 :: Finished transferring "/storage/test.vo/storm-testsuite_11572107082020/tmp.JtUBKOlPQj/tmp.zEmjxHv5yc".
[1762] Fri Aug  7 11:59:59 2020 :: Closed connection from testsuite.test.example:60874
[1747] Fri Aug  7 11:59:57 2020 :: Child process 1761 ended with rc = 0
[1747] Fri Aug  7 11:59:59 2020 :: Child process 1762 ended with rc = 0
[1763] Fri Aug  7 12:00:01 2020 :: Configuration read from /etc/gridftp.conf.
[1763] Fri Aug  7 12:00:01 2020 :: Server started in inetd mode.
[1763] Fri Aug  7 12:00:01 2020 :: New connection from: testsuite.test.example:60880
[1763] Fri Aug  7 12:00:01 2020 :: DN /C=IT/O=IGI/CN=test0 successfully authorized.
[1763] Fri Aug  7 12:00:01 2020 :: User tstvo013 successfully authorized.
[1763] Fri Aug  7 12:00:01 2020 :: Starting to transfer "/storage/test.vo/storm-testsuite_11572107082020/tmp.zEmjxHv5yc.copied".
[1763] Fri Aug  7 12:00:01 2020 :: Finished transferring "/storage/test.vo/storm-testsuite_11572107082020/tmp.zEmjxHv5yc.copied".
[1763] Fri Aug  7 12:00:01 2020 :: Closed connection from testsuite.test.example:60880
[1764] Fri Aug  7 12:00:03 2020 :: Configuration read from /etc/gridftp.conf.
[1764] Fri Aug  7 12:00:03 2020 :: Server started in inetd mode.
[1764] Fri Aug  7 12:00:03 2020 :: New connection from: testsuite.test.example:60894
[1764] Fri Aug  7 12:00:03 2020 :: DN /C=IT/O=IGI/CN=test0 successfully authorized.
[1764] Fri Aug  7 12:00:03 2020 :: User tstvo013 successfully authorized.
[1764] Fri Aug  7 12:00:03 2020 :: Starting to transfer "/storage/test.vo/storm-testsuite_11572107082020/tmp.iOFADL12Hh/tmp.DuE1pKIbqv".
[1764] Fri Aug  7 12:00:03 2020 :: Finished transferring "/storage/test.vo/storm-testsuite_11572107082020/tmp.iOFADL12Hh/tmp.DuE1pKIbqv".
[1764] Fri Aug  7 12:00:03 2020 :: Closed connection from testsuite.test.example:60894
[1765] Fri Aug  7 12:00:05 2020 :: Configuration read from /etc/gridftp.conf.
[1765] Fri Aug  7 12:00:05 2020 :: Server started in inetd mode.
[1765] Fri Aug  7 12:00:05 2020 :: New connection from: testsuite.test.example:60910
[1765] Fri Aug  7 12:00:05 2020 :: DN /C=IT/O=IGI/CN=test0 successfully authorized.
[1765] Fri Aug  7 12:00:05 2020 :: User tstvo013 successfully authorized.
[1765] Fri Aug  7 12:00:05 2020 :: Starting to transfer "/storage/test.vo/storm-testsuite_11572107082020/tmp.JplhlgKjkV".
[1765] Fri Aug  7 12:00:05 2020 :: Finished transferring "/storage/test.vo/storm-testsuite_11572107082020/tmp.JplhlgKjkV".
[1765] Fri Aug  7 12:00:05 2020 :: Closed connection from testsuite.test.example:60910
[1747] Fri Aug  7 12:00:01 2020 :: Child process 1763 ended with rc = 0
[1747] Fri Aug  7 12:00:03 2020 :: Child process 1764 ended with rc = 0
[1747] Fri Aug  7 12:00:05 2020 :: Child process 1765 ended with rc = 0
[1766] Fri Aug  7 12:00:08 2020 :: Configuration read from /etc/gridftp.conf.
[1766] Fri Aug  7 12:00:08 2020 :: Server started in inetd mode.
[1766] Fri Aug  7 12:00:08 2020 :: New connection from: testsuite.test.example:60920
[1766] Fri Aug  7 12:00:08 2020 :: DN /C=IT/O=IGI/CN=test0 successfully authorized.
[1766] Fri Aug  7 12:00:08 2020 :: User tstvo013 successfully authorized.
[1766] Fri Aug  7 12:00:08 2020 :: Starting to transfer "/storage/test.vo/storm-testsuite_11572107082020/tmp.uYQLdo4nWr".
[1766] Fri Aug  7 12:00:08 2020 :: Finished transferring "/storage/test.vo/storm-testsuite_11572107082020/tmp.uYQLdo4nWr".
[1766] Fri Aug  7 12:00:08 2020 :: Closed connection from testsuite.test.example:60920
[1747] Fri Aug  7 12:00:08 2020 :: Child process 1766 ended with rc = 0
[1767] Fri Aug  7 12:00:13 2020 :: Configuration read from /etc/gridftp.conf.
[1767] Fri Aug  7 12:00:13 2020 :: Server started in inetd mode.
[1767] Fri Aug  7 12:00:13 2020 :: New connection from: testsuite.test.example:60948
[1767] Fri Aug  7 12:00:14 2020 :: DN /C=IT/O=IGI/CN=test0 successfully authorized.
[1767] Fri Aug  7 12:00:14 2020 :: User tstvo013 successfully authorized.
[1767] Fri Aug  7 12:00:14 2020 :: Starting to transfer "/storage/test.vo/storm-testsuite_11572107082020/tmp.CPURp9ZoXm".
[1767] Fri Aug  7 12:00:14 2020 :: Finished transferring "/storage/test.vo/storm-testsuite_11572107082020/tmp.CPURp9ZoXm".
[1767] Fri Aug  7 12:00:14 2020 :: Closed connection from testsuite.test.example:60948
[1768] Fri Aug  7 12:00:15 2020 :: Configuration read from /etc/gridftp.conf.
[1768] Fri Aug  7 12:00:15 2020 :: Server started in inetd mode.
[1768] Fri Aug  7 12:00:15 2020 :: New connection from: testsuite.test.example:60958
[1768] Fri Aug  7 12:00:15 2020 :: DN /C=IT/O=IGI/CN=test0 successfully authorized.
[1768] Fri Aug  7 12:00:15 2020 :: User tstvo013 successfully authorized.
[1768] Fri Aug  7 12:00:15 2020 :: Starting to transfer "/storage/test.vo/storm-testsuite_11572107082020/tmp.ZK4lzXxPpT".
[1768] Fri Aug  7 12:00:15 2020 :: Finished transferring "/storage/test.vo/storm-testsuite_11572107082020/tmp.ZK4lzXxPpT".
[1768] Fri Aug  7 12:00:15 2020 :: Closed connection from testsuite.test.example:60958
[1747] Fri Aug  7 12:00:14 2020 :: Child process 1767 ended with rc = 0
[1747] Fri Aug  7 12:00:15 2020 :: Child process 1768 ended with rc = 0
[1782] Fri Aug  7 12:01:09 2020 :: Configuration read from /etc/gridftp.conf.
[1782] Fri Aug  7 12:01:09 2020 :: Server started in inetd mode.
[1782] Fri Aug  7 12:01:09 2020 :: New connection from: testsuite.test.example:33022
[1782] Fri Aug  7 12:01:09 2020 :: DN /C=IT/O=IGI/CN=test0 successfully authorized.
[1782] Fri Aug  7 12:01:09 2020 :: User tstvo013 successfully authorized.
[1782] Fri Aug  7 12:01:09 2020 :: Starting to transfer "/storage/test.vo/storm-testsuite_11572107082020/tmp.ePFlsPmBTb".
[1782] Fri Aug  7 12:01:09 2020 :: Finished transferring "/storage/test.vo/storm-testsuite_11572107082020/tmp.ePFlsPmBTb".
[1782] Fri Aug  7 12:01:09 2020 :: Closed connection from testsuite.test.example:33022
[1747] Fri Aug  7 12:01:09 2020 :: Child process 1782 ended with rc = 0
[1783] Fri Aug  7 12:01:14 2020 :: Configuration read from /etc/gridftp.conf.
[1783] Fri Aug  7 12:01:14 2020 :: Server started in inetd mode.
[1783] Fri Aug  7 12:01:14 2020 :: New connection from: testsuite.test.example:33036
[1783] Fri Aug  7 12:01:14 2020 :: DN /C=IT/O=IGI/CN=test0 successfully authorized.
[1783] Fri Aug  7 12:01:14 2020 :: User tstvo013 successfully authorized.
[1783] Fri Aug  7 12:01:14 2020 :: Starting to transfer "/storage/test.vo/storm-testsuite_11572107082020/tmp.ePFlsPmBTb".
[1783] Fri Aug  7 12:01:14 2020 :: globus_l_gfs_StoRM_send_next_to_client: finished (eof)
[1783] Fri Aug  7 12:01:14 2020 :: Finished transferring "/storage/test.vo/storm-testsuite_11572107082020/tmp.ePFlsPmBTb".
[1783] Fri Aug  7 12:01:14 2020 :: Closed connection from testsuite.test.example:33036
[1784] Fri Aug  7 12:01:14 2020 :: Configuration read from /etc/gridftp.conf.
[1784] Fri Aug  7 12:01:14 2020 :: Server started in inetd mode.
[1784] Fri Aug  7 12:01:14 2020 :: New connection from: testsuite.test.example:33038
[1784] Fri Aug  7 12:01:14 2020 :: DN /C=IT/O=IGI/CN=test0 successfully authorized.
[1784] Fri Aug  7 12:01:14 2020 :: User tstvo013 successfully authorized.
[1784] Fri Aug  7 12:01:14 2020 :: Closed connection from testsuite.test.example:33038
[1747] Fri Aug  7 12:01:14 2020 :: Child process 1783 ended with rc = 0
[1747] Fri Aug  7 12:01:14 2020 :: Child process 1784 ended with rc = 0
[1785] Fri Aug  7 12:02:54 2020 :: Configuration read from /etc/gridftp.conf.
[1785] Fri Aug  7 12:02:54 2020 :: Server started in inetd mode.
[1785] Fri Aug  7 12:02:54 2020 :: New connection from: testsuite.test.example:33572
[1785] Fri Aug  7 12:02:54 2020 :: DN /C=IT/O=IGI/CN=test0 successfully authorized.
[1785] Fri Aug  7 12:02:54 2020 :: User tstvo013 successfully authorized.
[1785] Fri Aug  7 12:02:54 2020 :: Starting to transfer "/storage/test.vo/storm-testsuite_11572107082020/tmp.2cbR1joHlp".
[1785] Fri Aug  7 12:02:54 2020 :: Finished transferring "/storage/test.vo/storm-testsuite_11572107082020/tmp.2cbR1joHlp".
[1785] Fri Aug  7 12:02:54 2020 :: Closed connection from testsuite.test.example:33572
[1786] Fri Aug  7 12:02:55 2020 :: Configuration read from /etc/gridftp.conf.
[1786] Fri Aug  7 12:02:55 2020 :: Server started in inetd mode.
[1786] Fri Aug  7 12:02:55 2020 :: New connection from: testsuite.test.example:33582
[1786] Fri Aug  7 12:02:55 2020 :: DN /C=IT/O=IGI/CN=test0 successfully authorized.
[1786] Fri Aug  7 12:02:55 2020 :: User tstvo013 successfully authorized.
[1786] Fri Aug  7 12:02:55 2020 :: Starting to transfer "/storage/test.vo/storm-testsuite_11572107082020/tmp.wS2xFiCxxc".
[1786] Fri Aug  7 12:02:55 2020 :: Finished transferring "/storage/test.vo/storm-testsuite_11572107082020/tmp.wS2xFiCxxc".
[1786] Fri Aug  7 12:02:55 2020 :: Closed connection from testsuite.test.example:33582
[1747] Fri Aug  7 12:02:54 2020 :: Child process 1785 ended with rc = 0
[1747] Fri Aug  7 12:02:55 2020 :: Child process 1786 ended with rc = 0
[1787] Fri Aug  7 12:02:57 2020 :: Configuration read from /etc/gridftp.conf.
[1787] Fri Aug  7 12:02:57 2020 :: Server started in inetd mode.
[1787] Fri Aug  7 12:02:57 2020 :: New connection from: testsuite.test.example:33592
[1787] Fri Aug  7 12:02:57 2020 :: DN /C=IT/O=IGI/CN=test0 successfully authorized.
[1787] Fri Aug  7 12:02:57 2020 :: User tstvo013 successfully authorized.
[1787] Fri Aug  7 12:02:57 2020 :: Starting to transfer "/storage/test.vo/storm-testsuite_11572107082020/tmp.wS2xFiCxxc".
[1787] Fri Aug  7 12:02:57 2020 :: globus_l_gfs_StoRM_send_next_to_client: finished (eof)
[1787] Fri Aug  7 12:02:57 2020 :: Finished transferring "/storage/test.vo/storm-testsuite_11572107082020/tmp.wS2xFiCxxc".
[1787] Fri Aug  7 12:02:57 2020 :: Closed connection from testsuite.test.example:33592
[1788] Fri Aug  7 12:03:00 2020 :: Configuration read from /etc/gridftp.conf.
[1788] Fri Aug  7 12:03:00 2020 :: Server started in inetd mode.
[1788] Fri Aug  7 12:03:00 2020 :: New connection from: testsuite.test.example:33602
[1788] Fri Aug  7 12:03:00 2020 :: DN /C=IT/O=IGI/CN=test0 successfully authorized.
[1788] Fri Aug  7 12:03:00 2020 :: User tstvo013 successfully authorized.
[1788] Fri Aug  7 12:03:00 2020 :: Starting to transfer "/storage/test.vo/storm-testsuite_11572107082020/tmp.Pxq1qMqjMc".
[1788] Fri Aug  7 12:03:00 2020 :: Finished transferring "/storage/test.vo/storm-testsuite_11572107082020/tmp.Pxq1qMqjMc".
[1788] Fri Aug  7 12:03:00 2020 :: Closed connection from testsuite.test.example:33602
[1747] Fri Aug  7 12:02:57 2020 :: Child process 1787 ended with rc = 0
[1747] Fri Aug  7 12:03:00 2020 :: Child process 1788 ended with rc = 0
[1790] Fri Aug  7 12:03:03 2020 :: Configuration read from /etc/gridftp.conf.
[1790] Fri Aug  7 12:03:03 2020 :: Server started in inetd mode.
[1790] Fri Aug  7 12:03:03 2020 :: New connection from: testsuite.test.example:33612
[1790] Fri Aug  7 12:03:03 2020 :: DN /C=IT/O=IGI/CN=test0 successfully authorized.
[1790] Fri Aug  7 12:03:03 2020 :: User tstvo013 successfully authorized.
[1790] Fri Aug  7 12:03:03 2020 :: Starting to transfer "/storage/test.vo/storm-testsuite_11572107082020/tmp.Pxq1qMqjMc_copied".
[1790] Fri Aug  7 12:03:03 2020 :: Finished transferring "/storage/test.vo/storm-testsuite_11572107082020/tmp.Pxq1qMqjMc_copied".
[1790] Fri Aug  7 12:03:03 2020 :: Closed connection from testsuite.test.example:33612
[1790] Fri Aug  7 12:03:03 2020 :: Called main session_stop after 1 ticks.
[1789] Fri Aug  7 12:03:03 2020 :: Configuration read from /etc/gridftp.conf.
[1789] Fri Aug  7 12:03:03 2020 :: Server started in inetd mode.
[1789] Fri Aug  7 12:03:03 2020 :: New connection from: testsuite.test.example:33610
[1789] Fri Aug  7 12:03:03 2020 :: DN /C=IT/O=IGI/CN=test0 successfully authorized.
[1789] Fri Aug  7 12:03:03 2020 :: User tstvo013 successfully authorized.
[1789] Fri Aug  7 12:03:03 2020 :: Starting to transfer "/storage/test.vo/storm-testsuite_11572107082020/tmp.Pxq1qMqjMc".
[1789] Fri Aug  7 12:03:03 2020 :: globus_l_gfs_StoRM_send_next_to_client: finished (eof)
[1789] Fri Aug  7 12:03:03 2020 :: Finished transferring "/storage/test.vo/storm-testsuite_11572107082020/tmp.Pxq1qMqjMc".
[1789] Fri Aug  7 12:03:03 2020 :: Closed connection from testsuite.test.example:33610
[1747] Fri Aug  7 12:03:03 2020 :: Child process 1790 ended with rc = 0
[1747] Fri Aug  7 12:03:03 2020 :: Child process 1789 ended with rc = 0
[1791] Fri Aug  7 12:03:21 2020 :: Configuration read from /etc/gridftp.conf.
[1791] Fri Aug  7 12:03:21 2020 :: Server started in inetd mode.
[1791] Fri Aug  7 12:03:21 2020 :: New connection from: testsuite.test.example:33640
[1791] Fri Aug  7 12:03:21 2020 :: DN /C=IT/O=IGI/CN=test0 successfully authorized.
[1791] Fri Aug  7 12:03:21 2020 :: User tstvo013 successfully authorized.
[1791] Fri Aug  7 12:03:21 2020 :: Starting to transfer "/storage/test.vo/storm-testsuite_11572107082020/tmp.7MthWvunU2".
[1791] Fri Aug  7 12:03:21 2020 :: Finished transferring "/storage/test.vo/storm-testsuite_11572107082020/tmp.7MthWvunU2".
[1791] Fri Aug  7 12:03:21 2020 :: Closed connection from testsuite.test.example:33640
[1747] Fri Aug  7 12:03:21 2020 :: Child process 1791 ended with rc = 0
[1792] Fri Aug  7 12:03:25 2020 :: Configuration read from /etc/gridftp.conf.
[1792] Fri Aug  7 12:03:25 2020 :: Server started in inetd mode.
[1792] Fri Aug  7 12:03:25 2020 :: New connection from: testsuite.test.example:33652
[1792] Fri Aug  7 12:03:25 2020 :: DN /C=IT/O=IGI/CN=test0 successfully authorized.
[1792] Fri Aug  7 12:03:25 2020 :: User tstvo013 successfully authorized.
[1792] Fri Aug  7 12:03:25 2020 :: Starting to transfer "/storage/test.vo/storm-testsuite_11572107082020/tmp.FSmEd5S6P4".
[1792] Fri Aug  7 12:03:25 2020 :: Finished transferring "/storage/test.vo/storm-testsuite_11572107082020/tmp.FSmEd5S6P4".
[1792] Fri Aug  7 12:03:25 2020 :: Closed connection from testsuite.test.example:33652
[1747] Fri Aug  7 12:03:25 2020 :: Child process 1792 ended with rc = 0
[1794] Fri Aug  7 12:03:27 2020 :: Configuration read from /etc/gridftp.conf.
[1794] Fri Aug  7 12:03:27 2020 :: Server started in inetd mode.
[1794] Fri Aug  7 12:03:27 2020 :: New connection from: testsuite.test.example:33660
[1794] Fri Aug  7 12:03:27 2020 :: DN /C=IT/O=IGI/CN=test0 successfully authorized.
[1794] Fri Aug  7 12:03:27 2020 :: User tstvo013 successfully authorized.
[1794] Fri Aug  7 12:03:27 2020 :: Closed connection from testsuite.test.example:33660
[1793] Fri Aug  7 12:03:27 2020 :: Configuration read from /etc/gridftp.conf.
[1793] Fri Aug  7 12:03:27 2020 :: Server started in inetd mode.
[1793] Fri Aug  7 12:03:27 2020 :: New connection from: testsuite.test.example:33658
[1793] Fri Aug  7 12:03:27 2020 :: DN /C=IT/O=IGI/CN=test0 successfully authorized.
[1793] Fri Aug  7 12:03:27 2020 :: User tstvo013 successfully authorized.
[1793] Fri Aug  7 12:03:27 2020 :: Starting to transfer "/storage/test.vo/storm-testsuite_11572107082020/tmp.FSmEd5S6P4".
[1793] Fri Aug  7 12:03:27 2020 :: globus_l_gfs_StoRM_send_next_to_client: finished (eof)
[1793] Fri Aug  7 12:03:27 2020 :: Finished transferring "/storage/test.vo/storm-testsuite_11572107082020/tmp.FSmEd5S6P4".
[1793] Fri Aug  7 12:03:27 2020 :: Closed connection from testsuite.test.example:33658
[1747] Fri Aug  7 12:03:27 2020 :: Child process 1794 ended with rc = 0
[1747] Fri Aug  7 12:03:27 2020 :: Child process 1793 ended with rc = 0
[1795] Fri Aug  7 12:03:41 2020 :: Configuration read from /etc/gridftp.conf.
[1795] Fri Aug  7 12:03:41 2020 :: Server started in inetd mode.
[1795] Fri Aug  7 12:03:41 2020 :: New connection from: testsuite.test.example:33676
[1795] Fri Aug  7 12:03:41 2020 :: DN /C=IT/O=IGI/CN=test0 successfully authorized.
[1795] Fri Aug  7 12:03:41 2020 :: User tstvo013 successfully authorized.
[1795] Fri Aug  7 12:03:41 2020 :: Starting to transfer "/storage/test.vo/storm-testsuite_11572107082020/tmp.DmZcDCwFre/tmp.5LGcZzpQXH".
[1795] Fri Aug  7 12:03:41 2020 :: Finished transferring "/storage/test.vo/storm-testsuite_11572107082020/tmp.DmZcDCwFre/tmp.5LGcZzpQXH".
[1795] Fri Aug  7 12:03:41 2020 :: Closed connection from testsuite.test.example:33676
[1797] Fri Aug  7 12:03:44 2020 :: Configuration read from /etc/gridftp.conf.
[1797] Fri Aug  7 12:03:44 2020 :: Server started in inetd mode.
[1797] Fri Aug  7 12:03:44 2020 :: New connection from: testsuite.test.example:33686
[1797] Fri Aug  7 12:03:44 2020 :: DN /C=IT/O=IGI/CN=test0 successfully authorized.
[1797] Fri Aug  7 12:03:44 2020 :: User tstvo013 successfully authorized.
[1797] Fri Aug  7 12:03:44 2020 :: Closed connection from testsuite.test.example:33686
[1796] Fri Aug  7 12:03:43 2020 :: Configuration read from /etc/gridftp.conf.
[1796] Fri Aug  7 12:03:43 2020 :: Server started in inetd mode.
[1796] Fri Aug  7 12:03:43 2020 :: New connection from: testsuite.test.example:33684
[1796] Fri Aug  7 12:03:44 2020 :: DN /C=IT/O=IGI/CN=test0 successfully authorized.
[1796] Fri Aug  7 12:03:44 2020 :: User tstvo013 successfully authorized.
[1796] Fri Aug  7 12:03:44 2020 :: Starting to transfer "/storage/test.vo/storm-testsuite_11572107082020/tmp.DmZcDCwFre/tmp.5LGcZzpQXH".
[1796] Fri Aug  7 12:03:44 2020 :: globus_l_gfs_StoRM_send_next_to_client: finished (eof)
[1796] Fri Aug  7 12:03:44 2020 :: Finished transferring "/storage/test.vo/storm-testsuite_11572107082020/tmp.DmZcDCwFre/tmp.5LGcZzpQXH".
[1796] Fri Aug  7 12:03:44 2020 :: Closed connection from testsuite.test.example:33684
[1747] Fri Aug  7 12:03:41 2020 :: Child process 1795 ended with rc = 0
[1747] Fri Aug  7 12:03:44 2020 :: Child process 1796 ended with rc = 0
[1747] Fri Aug  7 12:03:44 2020 :: Child process 1797 ended with rc = 0
[1798] Fri Aug  7 12:03:59 2020 :: Configuration read from /etc/gridftp.conf.
[1798] Fri Aug  7 12:03:59 2020 :: Server started in inetd mode.
[1798] Fri Aug  7 12:03:59 2020 :: New connection from: testsuite.test.example:33704
[1798] Fri Aug  7 12:03:59 2020 :: DN /C=IT/O=IGI/CN=test0 successfully authorized.
[1798] Fri Aug  7 12:03:59 2020 :: User tstvo013 successfully authorized.
[1798] Fri Aug  7 12:03:59 2020 :: Starting to transfer "/storage/test.vo/storm-testsuite_11572107082020/tmp.a5dkEuCVGt".
[1798] Fri Aug  7 12:03:59 2020 :: Finished transferring "/storage/test.vo/storm-testsuite_11572107082020/tmp.a5dkEuCVGt".
[1798] Fri Aug  7 12:03:59 2020 :: Closed connection from testsuite.test.example:33704
[1747] Fri Aug  7 12:03:59 2020 :: Child process 1798 ended with rc = 0
[1799] Fri Aug  7 12:04:05 2020 :: Configuration read from /etc/gridftp.conf.
[1799] Fri Aug  7 12:04:05 2020 :: Server started in inetd mode.
[1799] Fri Aug  7 12:04:05 2020 :: New connection from: testsuite.test.example:33718
[1799] Fri Aug  7 12:04:05 2020 :: DN /C=IT/O=IGI/CN=test0 successfully authorized.
[1799] Fri Aug  7 12:04:05 2020 :: User tstvo013 successfully authorized.
[1799] Fri Aug  7 12:04:05 2020 :: Starting to transfer "/storage/test.vo/storm-testsuite_11572107082020/tmp.6SrMIYqvPe".
[1799] Fri Aug  7 12:04:05 2020 :: Finished transferring "/storage/test.vo/storm-testsuite_11572107082020/tmp.6SrMIYqvPe".
[1799] Fri Aug  7 12:04:05 2020 :: Closed connection from testsuite.test.example:33718
[1747] Fri Aug  7 12:04:05 2020 :: Child process 1799 ended with rc = 0
[1800] Fri Aug  7 12:04:11 2020 :: Configuration read from /etc/gridftp.conf.
[1800] Fri Aug  7 12:04:11 2020 :: Server started in inetd mode.
[1800] Fri Aug  7 12:04:11 2020 :: New connection from: testsuite.test.example:33728
[1800] Fri Aug  7 12:04:11 2020 :: DN /C=IT/O=IGI/CN=test0 successfully authorized.
[1800] Fri Aug  7 12:04:11 2020 :: User tstvo013 successfully authorized.
[1800] Fri Aug  7 12:04:11 2020 :: Starting to transfer "/storage/test.vo/storm-testsuite_11572107082020/tmp.IqKU7OF2zX/tmp.gHMcfV4x0l".
[1800] Fri Aug  7 12:04:11 2020 :: Finished transferring "/storage/test.vo/storm-testsuite_11572107082020/tmp.IqKU7OF2zX/tmp.gHMcfV4x0l".
[1800] Fri Aug  7 12:04:11 2020 :: Closed connection from testsuite.test.example:33728
[1801] Fri Aug  7 12:04:14 2020 :: Configuration read from /etc/gridftp.conf.
[1801] Fri Aug  7 12:04:14 2020 :: Server started in inetd mode.
[1801] Fri Aug  7 12:04:14 2020 :: New connection from: testsuite.test.example:33738
[1801] Fri Aug  7 12:04:14 2020 :: DN /C=IT/O=IGI/CN=test0 successfully authorized.
[1801] Fri Aug  7 12:04:14 2020 :: User tstvo013 successfully authorized.
[1801] Fri Aug  7 12:04:14 2020 :: Starting to transfer "/storage/test.vo/storm-testsuite_11572107082020/tmp.ej5KZZThl6".
[1801] Fri Aug  7 12:04:14 2020 :: Finished transferring "/storage/test.vo/storm-testsuite_11572107082020/tmp.ej5KZZThl6".
[1801] Fri Aug  7 12:04:14 2020 :: Closed connection from testsuite.test.example:33738
[1802] Fri Aug  7 12:04:15 2020 :: Configuration read from /etc/gridftp.conf.
[1802] Fri Aug  7 12:04:15 2020 :: Server started in inetd mode.
[1802] Fri Aug  7 12:04:15 2020 :: New connection from: testsuite.test.example:33752
[1802] Fri Aug  7 12:04:15 2020 :: DN /C=IT/O=IGI/CN=test0 successfully authorized.
[1802] Fri Aug  7 12:04:15 2020 :: User tstvo013 successfully authorized.
[1802] Fri Aug  7 12:04:15 2020 :: Starting to transfer "/storage/test.vo/storm-testsuite_11572107082020/tmp.4LTSoWIZ04".
[1802] Fri Aug  7 12:04:15 2020 :: Finished transferring "/storage/test.vo/storm-testsuite_11572107082020/tmp.4LTSoWIZ04".
[1802] Fri Aug  7 12:04:15 2020 :: Closed connection from testsuite.test.example:33752
[1747] Fri Aug  7 12:04:11 2020 :: Child process 1800 ended with rc = 0
[1747] Fri Aug  7 12:04:14 2020 :: Child process 1801 ended with rc = 0
[1747] Fri Aug  7 12:04:15 2020 :: Child process 1802 ended with rc = 0
[1804] Fri Aug  7 12:04:20 2020 :: Configuration read from /etc/gridftp.conf.
[1804] Fri Aug  7 12:04:20 2020 :: Server started in inetd mode.
[1804] Fri Aug  7 12:04:20 2020 :: New connection from: testsuite.test.example:33762
[1804] Fri Aug  7 12:04:20 2020 :: DN /C=IT/O=IGI/CN=test0 successfully authorized.
[1804] Fri Aug  7 12:04:20 2020 :: User tstvo013 successfully authorized.
[1804] Fri Aug  7 12:04:20 2020 :: Starting to transfer "/storage/test.vo/storm-testsuite_11572107082020/tmp.rMMMoamjzH".
[1804] Fri Aug  7 12:04:20 2020 :: Finished transferring "/storage/test.vo/storm-testsuite_11572107082020/tmp.rMMMoamjzH".
[1804] Fri Aug  7 12:04:20 2020 :: Closed connection from testsuite.test.example:33762
[1804] Fri Aug  7 12:04:20 2020 :: Called main session_stop after 1 ticks.
[1803] Fri Aug  7 12:04:19 2020 :: Configuration read from /etc/gridftp.conf.
[1803] Fri Aug  7 12:04:19 2020 :: Server started in inetd mode.
[1803] Fri Aug  7 12:04:19 2020 :: New connection from: testsuite.test.example:33760
[1803] Fri Aug  7 12:04:20 2020 :: DN /C=IT/O=IGI/CN=test0 successfully authorized.
[1803] Fri Aug  7 12:04:20 2020 :: User tstvo013 successfully authorized.
[1803] Fri Aug  7 12:04:20 2020 :: Starting to transfer "/storage/test.vo/storm-testsuite_11572107082020/tmp.4LTSoWIZ04".
[1803] Fri Aug  7 12:04:20 2020 :: globus_l_gfs_StoRM_send_next_to_client: finished (eof)
[1803] Fri Aug  7 12:04:20 2020 :: Finished transferring "/storage/test.vo/storm-testsuite_11572107082020/tmp.4LTSoWIZ04".
[1803] Fri Aug  7 12:04:20 2020 :: Closed connection from testsuite.test.example:33760
[1747] Fri Aug  7 12:04:20 2020 :: Child process 1804 ended with rc = 0
[1747] Fri Aug  7 12:04:20 2020 :: Child process 1803 ended with rc = 0
[1805] Fri Aug  7 12:04:21 2020 :: Configuration read from /etc/gridftp.conf.
[1805] Fri Aug  7 12:04:21 2020 :: Server started in inetd mode.
[1805] Fri Aug  7 12:04:21 2020 :: New connection from: testsuite.test.example:33770
[1805] Fri Aug  7 12:04:21 2020 :: DN /C=IT/O=IGI/CN=test0 successfully authorized.
[1805] Fri Aug  7 12:04:21 2020 :: User tstvo013 successfully authorized.
[1805] Fri Aug  7 12:04:21 2020 :: Starting to transfer "/storage/test.vo/storm-testsuite_11572107082020/tmp.998qRebVEx".
[1805] Fri Aug  7 12:04:21 2020 :: Finished transferring "/storage/test.vo/storm-testsuite_11572107082020/tmp.998qRebVEx".
[1805] Fri Aug  7 12:04:21 2020 :: Closed connection from testsuite.test.example:33770
[1806] Fri Aug  7 12:04:23 2020 :: Configuration read from /etc/gridftp.conf.
[1806] Fri Aug  7 12:04:23 2020 :: Server started in inetd mode.
[1806] Fri Aug  7 12:04:23 2020 :: New connection from: testsuite.test.example:33778
[1806] Fri Aug  7 12:04:23 2020 :: DN /C=IT/O=IGI/CN=test0 successfully authorized.
[1806] Fri Aug  7 12:04:23 2020 :: User tstvo013 successfully authorized.
[1806] Fri Aug  7 12:04:23 2020 :: Starting to transfer "/storage/test.vo/storm-testsuite_11572107082020/tmp.nRqP1RRYYo".
[1806] Fri Aug  7 12:04:23 2020 :: Finished transferring "/storage/test.vo/storm-testsuite_11572107082020/tmp.nRqP1RRYYo".
[1806] Fri Aug  7 12:04:23 2020 :: Closed connection from testsuite.test.example:33778
[1807] Fri Aug  7 12:04:26 2020 :: Configuration read from /etc/gridftp.conf.
[1807] Fri Aug  7 12:04:26 2020 :: Server started in inetd mode.
[1807] Fri Aug  7 12:04:26 2020 :: New connection from: testsuite.test.example:33784
[1807] Fri Aug  7 12:04:26 2020 :: DN /C=IT/O=IGI/CN=test0 successfully authorized.
[1807] Fri Aug  7 12:04:26 2020 :: User tstvo013 successfully authorized.
[1807] Fri Aug  7 12:04:26 2020 :: Starting to transfer "/storage/test.vo/storm-testsuite_11572107082020/tmp.nRqP1RRYYo".
[1807] Fri Aug  7 12:04:26 2020 :: globus_l_gfs_StoRM_send_next_to_client: finished (eof)
[1807] Fri Aug  7 12:04:26 2020 :: Finished transferring "/storage/test.vo/storm-testsuite_11572107082020/tmp.nRqP1RRYYo".
[1807] Fri Aug  7 12:04:26 2020 :: Closed connection from testsuite.test.example:33784
[1808] Fri Aug  7 12:04:26 2020 :: Configuration read from /etc/gridftp.conf.
[1808] Fri Aug  7 12:04:26 2020 :: Server started in inetd mode.
[1808] Fri Aug  7 12:04:26 2020 :: New connection from: testsuite.test.example:33786
[1808] Fri Aug  7 12:04:26 2020 :: DN /C=IT/O=IGI/CN=test0 successfully authorized.
[1808] Fri Aug  7 12:04:26 2020 :: User tstvo013 successfully authorized.
[1808] Fri Aug  7 12:04:26 2020 :: Closed connection from testsuite.test.example:33786
[1747] Fri Aug  7 12:04:21 2020 :: Child process 1805 ended with rc = 0
[1747] Fri Aug  7 12:04:23 2020 :: Child process 1806 ended with rc = 0
[1747] Fri Aug  7 12:04:26 2020 :: Child process 1807 ended with rc = 0
[1747] Fri Aug  7 12:04:26 2020 :: Child process 1808 ended with rc = 0
[1809] Fri Aug  7 12:04:29 2020 :: Configuration read from /etc/gridftp.conf.
[1809] Fri Aug  7 12:04:29 2020 :: Server started in inetd mode.
[1809] Fri Aug  7 12:04:29 2020 :: New connection from: testsuite.test.example:33800
[1809] Fri Aug  7 12:04:29 2020 :: DN /C=IT/O=IGI/CN=test0 successfully authorized.
[1809] Fri Aug  7 12:04:29 2020 :: User tstvo013 successfully authorized.
[1809] Fri Aug  7 12:04:29 2020 :: Starting to transfer "/storage/test.vo/storm-testsuite_11572107082020/tmp.FgdYnF0lrt/tmp.GoaCNYmk2c_2".
[1809] Fri Aug  7 12:04:29 2020 :: Finished transferring "/storage/test.vo/storm-testsuite_11572107082020/tmp.FgdYnF0lrt/tmp.GoaCNYmk2c_2".
[1809] Fri Aug  7 12:04:29 2020 :: Closed connection from testsuite.test.example:33800
[1747] Fri Aug  7 12:04:29 2020 :: Child process 1809 ended with rc = 0
[1810] Fri Aug  7 12:04:32 2020 :: Configuration read from /etc/gridftp.conf.
[1810] Fri Aug  7 12:04:32 2020 :: Server started in inetd mode.
[1810] Fri Aug  7 12:04:32 2020 :: New connection from: testsuite.test.example:33810
[1810] Fri Aug  7 12:04:32 2020 :: DN /C=IT/O=IGI/CN=test0 successfully authorized.
[1810] Fri Aug  7 12:04:32 2020 :: User tstvo013 successfully authorized.
[1810] Fri Aug  7 12:04:32 2020 :: Starting to transfer "/storage/test.vo/storm-testsuite_11572107082020/tmp.FgdYnF0lrt/tmp.GoaCNYmk2c_3".
[1810] Fri Aug  7 12:04:32 2020 :: Finished transferring "/storage/test.vo/storm-testsuite_11572107082020/tmp.FgdYnF0lrt/tmp.GoaCNYmk2c_3".
[1810] Fri Aug  7 12:04:32 2020 :: Closed connection from testsuite.test.example:33810
[1811] Fri Aug  7 12:04:33 2020 :: Configuration read from /etc/gridftp.conf.
[1811] Fri Aug  7 12:04:33 2020 :: Server started in inetd mode.
[1811] Fri Aug  7 12:04:33 2020 :: New connection from: testsuite.test.example:33820
[1811] Fri Aug  7 12:04:33 2020 :: DN /C=IT/O=IGI/CN=test0 successfully authorized.
[1811] Fri Aug  7 12:04:33 2020 :: User tstvo013 successfully authorized.
[1811] Fri Aug  7 12:04:33 2020 :: Starting to transfer "/storage/test.vo/storm-testsuite_11572107082020/tmp.FgdYnF0lrt/tmp.GoaCNYmk2c_3".
[1811] Fri Aug  7 12:04:33 2020 :: globus_l_gfs_StoRM_send_next_to_client: finished (eof)
[1811] Fri Aug  7 12:04:33 2020 :: Finished transferring "/storage/test.vo/storm-testsuite_11572107082020/tmp.FgdYnF0lrt/tmp.GoaCNYmk2c_3".
[1811] Fri Aug  7 12:04:33 2020 :: Closed connection from testsuite.test.example:33820
[1812] Fri Aug  7 12:04:35 2020 :: Configuration read from /etc/gridftp.conf.
[1812] Fri Aug  7 12:04:35 2020 :: Server started in inetd mode.
[1812] Fri Aug  7 12:04:35 2020 :: New connection from: testsuite.test.example:33832
[1812] Fri Aug  7 12:04:35 2020 :: DN /C=IT/O=IGI/CN=test0 successfully authorized.
[1812] Fri Aug  7 12:04:35 2020 :: User tstvo013 successfully authorized.
[1812] Fri Aug  7 12:04:35 2020 :: Starting to transfer "/storage/test.vo/storm-testsuite_11572107082020/tmp.FgdYnF0lrt/tmp.GoaCNYmk2c_3".
[1812] Fri Aug  7 12:04:35 2020 :: globus_l_gfs_StoRM_send_next_to_client: finished (eof)
[1812] Fri Aug  7 12:04:35 2020 :: Finished transferring "/storage/test.vo/storm-testsuite_11572107082020/tmp.FgdYnF0lrt/tmp.GoaCNYmk2c_3".
[1812] Fri Aug  7 12:04:35 2020 :: Closed connection from testsuite.test.example:33832
[1747] Fri Aug  7 12:04:32 2020 :: Child process 1810 ended with rc = 0
[1747] Fri Aug  7 12:04:33 2020 :: Child process 1811 ended with rc = 0
[1747] Fri Aug  7 12:04:35 2020 :: Child process 1812 ended with rc = 0
[1814] Fri Aug  7 12:04:45 2020 :: Configuration read from /etc/gridftp.conf.
[1814] Fri Aug  7 12:04:45 2020 :: Server started in inetd mode.
[1814] Fri Aug  7 12:04:45 2020 :: New connection from: testsuite.test.example:33906
[1814] Fri Aug  7 12:04:45 2020 :: DN /C=IT/O=IGI/CN=test0 successfully authorized.
[1814] Fri Aug  7 12:04:45 2020 :: User tstvo013 successfully authorized.
[1814] Fri Aug  7 12:04:45 2020 :: Starting to transfer "/storage/test.vo/storm-testsuite_11572107082020/tmp.FgdYnF0lrt/tmp.GoaCNYmk2c_4".
[1814] Fri Aug  7 12:04:45 2020 :: Finished transferring "/storage/test.vo/storm-testsuite_11572107082020/tmp.FgdYnF0lrt/tmp.GoaCNYmk2c_4".
[1814] Fri Aug  7 12:04:45 2020 :: Closed connection from testsuite.test.example:33906
[1814] Fri Aug  7 12:04:45 2020 :: Called main session_stop after 1 ticks.
[1813] Fri Aug  7 12:04:45 2020 :: Configuration read from /etc/gridftp.conf.
[1813] Fri Aug  7 12:04:45 2020 :: Server started in inetd mode.
[1813] Fri Aug  7 12:04:45 2020 :: New connection from: testsuite.test.example:33904
[1813] Fri Aug  7 12:04:45 2020 :: DN /C=IT/O=IGI/CN=test0 successfully authorized.
[1813] Fri Aug  7 12:04:45 2020 :: User tstvo013 successfully authorized.
[1813] Fri Aug  7 12:04:45 2020 :: Starting to transfer "/storage/test.vo/storm-testsuite_11572107082020/tmp.FgdYnF0lrt/tmp.GoaCNYmk2c_3".
[1813] Fri Aug  7 12:04:45 2020 :: globus_l_gfs_StoRM_send_next_to_client: finished (eof)
[1813] Fri Aug  7 12:04:45 2020 :: Finished transferring "/storage/test.vo/storm-testsuite_11572107082020/tmp.FgdYnF0lrt/tmp.GoaCNYmk2c_3".
[1813] Fri Aug  7 12:04:45 2020 :: Closed connection from testsuite.test.example:33904
[1747] Fri Aug  7 12:04:45 2020 :: Child process 1814 ended with rc = 0
[1747] Fri Aug  7 12:04:45 2020 :: Child process 1813 ended with rc = 0
[1815] Fri Aug  7 12:04:49 2020 :: Configuration read from /etc/gridftp.conf.
[1815] Fri Aug  7 12:04:49 2020 :: Server started in inetd mode.
[1815] Fri Aug  7 12:04:49 2020 :: New connection from: testsuite.test.example:33934
[1815] Fri Aug  7 12:04:49 2020 :: DN /C=IT/O=IGI/CN=test0 successfully authorized.
[1815] Fri Aug  7 12:04:49 2020 :: User tstvo013 successfully authorized.
[1815] Fri Aug  7 12:04:49 2020 :: Starting to transfer "/storage/igi/storm-testsuite_11572107082020/tmp.Cwj04cLff3/tmp.MpXLy0CF9Y_2".
[1815] Fri Aug  7 12:04:49 2020 :: Finished transferring "/storage/igi/storm-testsuite_11572107082020/tmp.Cwj04cLff3/tmp.MpXLy0CF9Y_2".
[1815] Fri Aug  7 12:04:49 2020 :: Closed connection from testsuite.test.example:33934
[1747] Fri Aug  7 12:04:49 2020 :: Child process 1815 ended with rc = 0
[1816] Fri Aug  7 12:04:51 2020 :: Configuration read from /etc/gridftp.conf.
[1816] Fri Aug  7 12:04:51 2020 :: Server started in inetd mode.
[1816] Fri Aug  7 12:04:51 2020 :: New connection from: testsuite.test.example:33944
[1816] Fri Aug  7 12:04:51 2020 :: DN /C=IT/O=IGI/CN=test0 successfully authorized.
[1816] Fri Aug  7 12:04:51 2020 :: User tstvo013 successfully authorized.
[1816] Fri Aug  7 12:04:51 2020 :: Starting to transfer "/storage/igi/storm-testsuite_11572107082020/tmp.Cwj04cLff3/tmp.MpXLy0CF9Y_3".
[1816] Fri Aug  7 12:04:51 2020 :: Finished transferring "/storage/igi/storm-testsuite_11572107082020/tmp.Cwj04cLff3/tmp.MpXLy0CF9Y_3".
[1816] Fri Aug  7 12:04:51 2020 :: Closed connection from testsuite.test.example:33944
[1817] Fri Aug  7 12:04:53 2020 :: Configuration read from /etc/gridftp.conf.
[1817] Fri Aug  7 12:04:53 2020 :: Server started in inetd mode.
[1817] Fri Aug  7 12:04:53 2020 :: New connection from: testsuite.test.example:33956
[1817] Fri Aug  7 12:04:53 2020 :: DN /C=IT/O=IGI/CN=test0 successfully authorized.
[1817] Fri Aug  7 12:04:53 2020 :: User tstvo013 successfully authorized.
[1817] Fri Aug  7 12:04:53 2020 :: Starting to transfer "/storage/igi/storm-testsuite_11572107082020/tmp.Cwj04cLff3/tmp.MpXLy0CF9Y_3".
[1817] Fri Aug  7 12:04:53 2020 :: globus_l_gfs_StoRM_send_next_to_client: finished (eof)
[1817] Fri Aug  7 12:04:53 2020 :: Finished transferring "/storage/igi/storm-testsuite_11572107082020/tmp.Cwj04cLff3/tmp.MpXLy0CF9Y_3".
[1817] Fri Aug  7 12:04:53 2020 :: Closed connection from testsuite.test.example:33956
[1818] Fri Aug  7 12:04:56 2020 :: Configuration read from /etc/gridftp.conf.
[1818] Fri Aug  7 12:04:56 2020 :: Server started in inetd mode.
[1818] Fri Aug  7 12:04:56 2020 :: New connection from: testsuite.test.example:33968
[1818] Fri Aug  7 12:04:56 2020 :: DN /C=IT/O=IGI/CN=test0 successfully authorized.
[1818] Fri Aug  7 12:04:56 2020 :: User tstvo013 successfully authorized.
[1818] Fri Aug  7 12:04:56 2020 :: Starting to transfer "/storage/igi/storm-testsuite_11572107082020/tmp.Cwj04cLff3/tmp.MpXLy0CF9Y_3".
[1818] Fri Aug  7 12:04:56 2020 :: globus_l_gfs_StoRM_send_next_to_client: finished (eof)
[1818] Fri Aug  7 12:04:56 2020 :: Finished transferring "/storage/igi/storm-testsuite_11572107082020/tmp.Cwj04cLff3/tmp.MpXLy0CF9Y_3".
[1818] Fri Aug  7 12:04:56 2020 :: Closed connection from testsuite.test.example:33968
[1747] Fri Aug  7 12:04:51 2020 :: Child process 1816 ended with rc = 0
[1747] Fri Aug  7 12:04:53 2020 :: Child process 1817 ended with rc = 0
[1747] Fri Aug  7 12:04:56 2020 :: Child process 1818 ended with rc = 0
[1820] Fri Aug  7 12:05:05 2020 :: Configuration read from /etc/gridftp.conf.
[1820] Fri Aug  7 12:05:05 2020 :: Server started in inetd mode.
[1820] Fri Aug  7 12:05:05 2020 :: New connection from: testsuite.test.example:33992
[1820] Fri Aug  7 12:05:05 2020 :: DN /C=IT/O=IGI/CN=test0 successfully authorized.
[1820] Fri Aug  7 12:05:05 2020 :: User tstvo013 successfully authorized.
[1820] Fri Aug  7 12:05:05 2020 :: Starting to transfer "/storage/igi/storm-testsuite_11572107082020/tmp.Cwj04cLff3/tmp.MpXLy0CF9Y_4".
[1820] Fri Aug  7 12:05:05 2020 :: Finished transferring "/storage/igi/storm-testsuite_11572107082020/tmp.Cwj04cLff3/tmp.MpXLy0CF9Y_4".
[1820] Fri Aug  7 12:05:05 2020 :: Closed connection from testsuite.test.example:33992
[1820] Fri Aug  7 12:05:05 2020 :: Called main session_stop after 1 ticks.
[1819] Fri Aug  7 12:05:05 2020 :: Configuration read from /etc/gridftp.conf.
[1819] Fri Aug  7 12:05:05 2020 :: Server started in inetd mode.
[1819] Fri Aug  7 12:05:05 2020 :: New connection from: testsuite.test.example:33990
[1819] Fri Aug  7 12:05:05 2020 :: DN /C=IT/O=IGI/CN=test0 successfully authorized.
[1819] Fri Aug  7 12:05:05 2020 :: User tstvo013 successfully authorized.
[1819] Fri Aug  7 12:05:05 2020 :: Starting to transfer "/storage/igi/storm-testsuite_11572107082020/tmp.Cwj04cLff3/tmp.MpXLy0CF9Y_3".
[1819] Fri Aug  7 12:05:05 2020 :: globus_l_gfs_StoRM_send_next_to_client: finished (eof)
[1819] Fri Aug  7 12:05:05 2020 :: Finished transferring "/storage/igi/storm-testsuite_11572107082020/tmp.Cwj04cLff3/tmp.MpXLy0CF9Y_3".
[1819] Fri Aug  7 12:05:05 2020 :: Closed connection from testsuite.test.example:33990
[1747] Fri Aug  7 12:05:05 2020 :: Child process 1820 ended with rc = 0
[1747] Fri Aug  7 12:05:05 2020 :: Child process 1819 ended with rc = 0
[1821] Fri Aug  7 12:05:09 2020 :: Configuration read from /etc/gridftp.conf.
[1821] Fri Aug  7 12:05:09 2020 :: Server started in inetd mode.
[1821] Fri Aug  7 12:05:09 2020 :: New connection from: testsuite.test.example:34020
[1821] Fri Aug  7 12:05:09 2020 :: DN /C=IT/O=IGI/CN=test0 successfully authorized.
[1821] Fri Aug  7 12:05:09 2020 :: User tstvo013 successfully authorized.
[1821] Fri Aug  7 12:05:09 2020 :: Starting to transfer "/storage/noauth/storm-testsuite_11572107082020/tmp.iMdZOmSc2q/tmp.AHsSiLTkPS_2".
[1821] Fri Aug  7 12:05:09 2020 :: Finished transferring "/storage/noauth/storm-testsuite_11572107082020/tmp.iMdZOmSc2q/tmp.AHsSiLTkPS_2".
[1821] Fri Aug  7 12:05:09 2020 :: Closed connection from testsuite.test.example:34020
[1747] Fri Aug  7 12:05:09 2020 :: Child process 1821 ended with rc = 0
[1822] Fri Aug  7 12:05:11 2020 :: Configuration read from /etc/gridftp.conf.
[1822] Fri Aug  7 12:05:11 2020 :: Server started in inetd mode.
[1822] Fri Aug  7 12:05:11 2020 :: New connection from: testsuite.test.example:34030
[1822] Fri Aug  7 12:05:11 2020 :: DN /C=IT/O=IGI/CN=test0 successfully authorized.
[1822] Fri Aug  7 12:05:11 2020 :: User tstvo013 successfully authorized.
[1822] Fri Aug  7 12:05:11 2020 :: Starting to transfer "/storage/noauth/storm-testsuite_11572107082020/tmp.iMdZOmSc2q/tmp.AHsSiLTkPS_3".
[1822] Fri Aug  7 12:05:11 2020 :: Finished transferring "/storage/noauth/storm-testsuite_11572107082020/tmp.iMdZOmSc2q/tmp.AHsSiLTkPS_3".
[1822] Fri Aug  7 12:05:11 2020 :: Closed connection from testsuite.test.example:34030
[1823] Fri Aug  7 12:05:13 2020 :: Configuration read from /etc/gridftp.conf.
[1823] Fri Aug  7 12:05:13 2020 :: Server started in inetd mode.
[1823] Fri Aug  7 12:05:13 2020 :: New connection from: testsuite.test.example:34042
[1823] Fri Aug  7 12:05:13 2020 :: DN /C=IT/O=IGI/CN=test0 successfully authorized.
[1823] Fri Aug  7 12:05:13 2020 :: User tstvo013 successfully authorized.
[1823] Fri Aug  7 12:05:13 2020 :: Starting to transfer "/storage/noauth/storm-testsuite_11572107082020/tmp.iMdZOmSc2q/tmp.AHsSiLTkPS_3".
[1823] Fri Aug  7 12:05:13 2020 :: globus_l_gfs_StoRM_send_next_to_client: finished (eof)
[1823] Fri Aug  7 12:05:13 2020 :: Finished transferring "/storage/noauth/storm-testsuite_11572107082020/tmp.iMdZOmSc2q/tmp.AHsSiLTkPS_3".
[1823] Fri Aug  7 12:05:13 2020 :: Closed connection from testsuite.test.example:34042
[1824] Fri Aug  7 12:05:16 2020 :: Configuration read from /etc/gridftp.conf.
[1824] Fri Aug  7 12:05:16 2020 :: Server started in inetd mode.
[1824] Fri Aug  7 12:05:16 2020 :: New connection from: testsuite.test.example:34054
[1824] Fri Aug  7 12:05:16 2020 :: DN /C=IT/O=IGI/CN=test0 successfully authorized.
[1824] Fri Aug  7 12:05:16 2020 :: User tstvo013 successfully authorized.
[1824] Fri Aug  7 12:05:16 2020 :: Starting to transfer "/storage/noauth/storm-testsuite_11572107082020/tmp.iMdZOmSc2q/tmp.AHsSiLTkPS_3".
[1824] Fri Aug  7 12:05:16 2020 :: globus_l_gfs_StoRM_send_next_to_client: finished (eof)
[1824] Fri Aug  7 12:05:16 2020 :: Finished transferring "/storage/noauth/storm-testsuite_11572107082020/tmp.iMdZOmSc2q/tmp.AHsSiLTkPS_3".
[1824] Fri Aug  7 12:05:16 2020 :: Closed connection from testsuite.test.example:34054
[1747] Fri Aug  7 12:05:11 2020 :: Child process 1822 ended with rc = 0
[1747] Fri Aug  7 12:05:13 2020 :: Child process 1823 ended with rc = 0
[1747] Fri Aug  7 12:05:16 2020 :: Child process 1824 ended with rc = 0
[1826] Fri Aug  7 12:05:25 2020 :: Configuration read from /etc/gridftp.conf.
[1826] Fri Aug  7 12:05:25 2020 :: Server started in inetd mode.
[1826] Fri Aug  7 12:05:25 2020 :: New connection from: testsuite.test.example:34078
[1826] Fri Aug  7 12:05:25 2020 :: DN /C=IT/O=IGI/CN=test0 successfully authorized.
[1826] Fri Aug  7 12:05:25 2020 :: User tstvo013 successfully authorized.
[1826] Fri Aug  7 12:05:25 2020 :: Starting to transfer "/storage/noauth/storm-testsuite_11572107082020/tmp.iMdZOmSc2q/tmp.AHsSiLTkPS_4".
[1826] Fri Aug  7 12:05:25 2020 :: Finished transferring "/storage/noauth/storm-testsuite_11572107082020/tmp.iMdZOmSc2q/tmp.AHsSiLTkPS_4".
[1826] Fri Aug  7 12:05:25 2020 :: Closed connection from testsuite.test.example:34078
[1826] Fri Aug  7 12:05:25 2020 :: Called main session_stop after 1 ticks.
[1825] Fri Aug  7 12:05:25 2020 :: Configuration read from /etc/gridftp.conf.
[1825] Fri Aug  7 12:05:25 2020 :: Server started in inetd mode.
[1825] Fri Aug  7 12:05:25 2020 :: New connection from: testsuite.test.example:34076
[1825] Fri Aug  7 12:05:25 2020 :: DN /C=IT/O=IGI/CN=test0 successfully authorized.
[1825] Fri Aug  7 12:05:25 2020 :: User tstvo013 successfully authorized.
[1825] Fri Aug  7 12:05:25 2020 :: Starting to transfer "/storage/noauth/storm-testsuite_11572107082020/tmp.iMdZOmSc2q/tmp.AHsSiLTkPS_3".
[1825] Fri Aug  7 12:05:25 2020 :: globus_l_gfs_StoRM_send_next_to_client: finished (eof)
[1825] Fri Aug  7 12:05:25 2020 :: Finished transferring "/storage/noauth/storm-testsuite_11572107082020/tmp.iMdZOmSc2q/tmp.AHsSiLTkPS_3".
[1825] Fri Aug  7 12:05:25 2020 :: Closed connection from testsuite.test.example:34076
[1747] Fri Aug  7 12:05:25 2020 :: Child process 1826 ended with rc = 0
[1747] Fri Aug  7 12:05:25 2020 :: Child process 1825 ended with rc = 0
[1827] Fri Aug  7 12:05:29 2020 :: Configuration read from /etc/gridftp.conf.
[1827] Fri Aug  7 12:05:29 2020 :: Server started in inetd mode.
[1827] Fri Aug  7 12:05:29 2020 :: New connection from: testsuite.test.example:34106
[1827] Fri Aug  7 12:05:29 2020 :: DN /C=IT/O=IGI/CN=test0 successfully authorized.
[1827] Fri Aug  7 12:05:29 2020 :: User testdue008 successfully authorized.
[1827] Fri Aug  7 12:05:29 2020 :: Starting to transfer "/storage/nested/storm-testsuite_11572107082020/tmp.zd57zVt9cX/tmp.Pu5IY096AU_2".
[1827] Fri Aug  7 12:05:29 2020 :: Finished transferring "/storage/nested/storm-testsuite_11572107082020/tmp.zd57zVt9cX/tmp.Pu5IY096AU_2".
[1827] Fri Aug  7 12:05:29 2020 :: Closed connection from testsuite.test.example:34106
[1747] Fri Aug  7 12:05:29 2020 :: Child process 1827 ended with rc = 0
[1828] Fri Aug  7 12:05:31 2020 :: Configuration read from /etc/gridftp.conf.
[1828] Fri Aug  7 12:05:31 2020 :: Server started in inetd mode.
[1828] Fri Aug  7 12:05:31 2020 :: New connection from: testsuite.test.example:34116
[1828] Fri Aug  7 12:05:31 2020 :: DN /C=IT/O=IGI/CN=test0 successfully authorized.
[1828] Fri Aug  7 12:05:31 2020 :: User testdue008 successfully authorized.
[1828] Fri Aug  7 12:05:31 2020 :: Starting to transfer "/storage/nested/storm-testsuite_11572107082020/tmp.zd57zVt9cX/tmp.Pu5IY096AU_3".
[1828] Fri Aug  7 12:05:31 2020 :: Finished transferring "/storage/nested/storm-testsuite_11572107082020/tmp.zd57zVt9cX/tmp.Pu5IY096AU_3".
[1828] Fri Aug  7 12:05:31 2020 :: Closed connection from testsuite.test.example:34116
[1829] Fri Aug  7 12:05:33 2020 :: Configuration read from /etc/gridftp.conf.
[1829] Fri Aug  7 12:05:33 2020 :: Server started in inetd mode.
[1829] Fri Aug  7 12:05:33 2020 :: New connection from: testsuite.test.example:34128
[1829] Fri Aug  7 12:05:33 2020 :: DN /C=IT/O=IGI/CN=test0 successfully authorized.
[1829] Fri Aug  7 12:05:33 2020 :: User testdue008 successfully authorized.
[1829] Fri Aug  7 12:05:33 2020 :: Starting to transfer "/storage/nested/storm-testsuite_11572107082020/tmp.zd57zVt9cX/tmp.Pu5IY096AU_3".
[1829] Fri Aug  7 12:05:33 2020 :: globus_l_gfs_StoRM_send_next_to_client: finished (eof)
[1829] Fri Aug  7 12:05:33 2020 :: Finished transferring "/storage/nested/storm-testsuite_11572107082020/tmp.zd57zVt9cX/tmp.Pu5IY096AU_3".
[1829] Fri Aug  7 12:05:33 2020 :: Closed connection from testsuite.test.example:34128
[1830] Fri Aug  7 12:05:36 2020 :: Configuration read from /etc/gridftp.conf.
[1830] Fri Aug  7 12:05:36 2020 :: Server started in inetd mode.
[1830] Fri Aug  7 12:05:36 2020 :: New connection from: testsuite.test.example:34140
[1830] Fri Aug  7 12:05:36 2020 :: DN /C=IT/O=IGI/CN=test0 successfully authorized.
[1830] Fri Aug  7 12:05:36 2020 :: User testdue008 successfully authorized.
[1830] Fri Aug  7 12:05:36 2020 :: Starting to transfer "/storage/nested/storm-testsuite_11572107082020/tmp.zd57zVt9cX/tmp.Pu5IY096AU_3".
[1830] Fri Aug  7 12:05:36 2020 :: globus_l_gfs_StoRM_send_next_to_client: finished (eof)
[1830] Fri Aug  7 12:05:36 2020 :: Finished transferring "/storage/nested/storm-testsuite_11572107082020/tmp.zd57zVt9cX/tmp.Pu5IY096AU_3".
[1830] Fri Aug  7 12:05:36 2020 :: Closed connection from testsuite.test.example:34140
[1747] Fri Aug  7 12:05:31 2020 :: Child process 1828 ended with rc = 0
[1747] Fri Aug  7 12:05:33 2020 :: Child process 1829 ended with rc = 0
[1747] Fri Aug  7 12:05:36 2020 :: Child process 1830 ended with rc = 0
[1832] Fri Aug  7 12:05:45 2020 :: Configuration read from /etc/gridftp.conf.
[1832] Fri Aug  7 12:05:45 2020 :: Server started in inetd mode.
[1832] Fri Aug  7 12:05:45 2020 :: New connection from: testsuite.test.example:34164
[1832] Fri Aug  7 12:05:45 2020 :: DN /C=IT/O=IGI/CN=test0 successfully authorized.
[1832] Fri Aug  7 12:05:45 2020 :: User testdue008 successfully authorized.
[1832] Fri Aug  7 12:05:45 2020 :: Starting to transfer "/storage/nested/storm-testsuite_11572107082020/tmp.zd57zVt9cX/tmp.Pu5IY096AU_4".
[1832] Fri Aug  7 12:05:45 2020 :: Finished transferring "/storage/nested/storm-testsuite_11572107082020/tmp.zd57zVt9cX/tmp.Pu5IY096AU_4".
[1832] Fri Aug  7 12:05:45 2020 :: Closed connection from testsuite.test.example:34164
[1832] Fri Aug  7 12:05:45 2020 :: Called main session_stop after 1 ticks.
[1831] Fri Aug  7 12:05:45 2020 :: Configuration read from /etc/gridftp.conf.
[1831] Fri Aug  7 12:05:45 2020 :: Server started in inetd mode.
[1831] Fri Aug  7 12:05:45 2020 :: New connection from: testsuite.test.example:34162
[1831] Fri Aug  7 12:05:45 2020 :: DN /C=IT/O=IGI/CN=test0 successfully authorized.
[1831] Fri Aug  7 12:05:45 2020 :: User testdue008 successfully authorized.
[1831] Fri Aug  7 12:05:45 2020 :: Starting to transfer "/storage/nested/storm-testsuite_11572107082020/tmp.zd57zVt9cX/tmp.Pu5IY096AU_3".
[1831] Fri Aug  7 12:05:45 2020 :: globus_l_gfs_StoRM_send_next_to_client: finished (eof)
[1831] Fri Aug  7 12:05:45 2020 :: Finished transferring "/storage/nested/storm-testsuite_11572107082020/tmp.zd57zVt9cX/tmp.Pu5IY096AU_3".
[1831] Fri Aug  7 12:05:45 2020 :: Closed connection from testsuite.test.example:34162
[1747] Fri Aug  7 12:05:45 2020 :: Child process 1832 ended with rc = 0
[1747] Fri Aug  7 12:05:45 2020 :: Child process 1831 ended with rc = 0
[1833] Fri Aug  7 12:05:49 2020 :: Configuration read from /etc/gridftp.conf.
[1833] Fri Aug  7 12:05:49 2020 :: Server started in inetd mode.
[1833] Fri Aug  7 12:05:49 2020 :: New connection from: testsuite.test.example:34192
[1833] Fri Aug  7 12:05:49 2020 :: DN /C=IT/O=IGI/CN=test0 successfully authorized.
[1833] Fri Aug  7 12:05:49 2020 :: User testdue008 successfully authorized.
[1833] Fri Aug  7 12:05:49 2020 :: Starting to transfer "/storage/nested/storm-testsuite_11572107082020/tmp.tTx9Cv4uO5/tmp.tA69gKYrF4_2".
[1833] Fri Aug  7 12:05:49 2020 :: Finished transferring "/storage/nested/storm-testsuite_11572107082020/tmp.tTx9Cv4uO5/tmp.tA69gKYrF4_2".
[1833] Fri Aug  7 12:05:49 2020 :: Closed connection from testsuite.test.example:34192
[1747] Fri Aug  7 12:05:49 2020 :: Child process 1833 ended with rc = 0
[1834] Fri Aug  7 12:05:51 2020 :: Configuration read from /etc/gridftp.conf.
[1834] Fri Aug  7 12:05:51 2020 :: Server started in inetd mode.
[1834] Fri Aug  7 12:05:51 2020 :: New connection from: testsuite.test.example:34202
[1834] Fri Aug  7 12:05:51 2020 :: DN /C=IT/O=IGI/CN=test0 successfully authorized.
[1834] Fri Aug  7 12:05:51 2020 :: User testdue008 successfully authorized.
[1834] Fri Aug  7 12:05:51 2020 :: Starting to transfer "/storage/nested/storm-testsuite_11572107082020/tmp.tTx9Cv4uO5/tmp.tA69gKYrF4_3".
[1834] Fri Aug  7 12:05:51 2020 :: Finished transferring "/storage/nested/storm-testsuite_11572107082020/tmp.tTx9Cv4uO5/tmp.tA69gKYrF4_3".
[1834] Fri Aug  7 12:05:51 2020 :: Closed connection from testsuite.test.example:34202
[1835] Fri Aug  7 12:05:53 2020 :: Configuration read from /etc/gridftp.conf.
[1835] Fri Aug  7 12:05:53 2020 :: Server started in inetd mode.
[1835] Fri Aug  7 12:05:53 2020 :: New connection from: testsuite.test.example:34214
[1835] Fri Aug  7 12:05:53 2020 :: DN /C=IT/O=IGI/CN=test0 successfully authorized.
[1835] Fri Aug  7 12:05:53 2020 :: User testdue008 successfully authorized.
[1835] Fri Aug  7 12:05:53 2020 :: Starting to transfer "/storage/nested/storm-testsuite_11572107082020/tmp.tTx9Cv4uO5/tmp.tA69gKYrF4_3".
[1835] Fri Aug  7 12:05:53 2020 :: globus_l_gfs_StoRM_send_next_to_client: finished (eof)
[1835] Fri Aug  7 12:05:53 2020 :: Finished transferring "/storage/nested/storm-testsuite_11572107082020/tmp.tTx9Cv4uO5/tmp.tA69gKYrF4_3".
[1835] Fri Aug  7 12:05:53 2020 :: Closed connection from testsuite.test.example:34214
[1836] Fri Aug  7 12:05:55 2020 :: Configuration read from /etc/gridftp.conf.
[1836] Fri Aug  7 12:05:55 2020 :: Server started in inetd mode.
[1836] Fri Aug  7 12:05:55 2020 :: New connection from: testsuite.test.example:34226
[1836] Fri Aug  7 12:05:56 2020 :: DN /C=IT/O=IGI/CN=test0 successfully authorized.
[1836] Fri Aug  7 12:05:56 2020 :: User testdue008 successfully authorized.
[1836] Fri Aug  7 12:05:56 2020 :: Starting to transfer "/storage/nested/storm-testsuite_11572107082020/tmp.tTx9Cv4uO5/tmp.tA69gKYrF4_3".
[1836] Fri Aug  7 12:05:56 2020 :: globus_l_gfs_StoRM_send_next_to_client: finished (eof)
[1836] Fri Aug  7 12:05:56 2020 :: Finished transferring "/storage/nested/storm-testsuite_11572107082020/tmp.tTx9Cv4uO5/tmp.tA69gKYrF4_3".
[1836] Fri Aug  7 12:05:56 2020 :: Closed connection from testsuite.test.example:34226
[1747] Fri Aug  7 12:05:51 2020 :: Child process 1834 ended with rc = 0
[1747] Fri Aug  7 12:05:53 2020 :: Child process 1835 ended with rc = 0
[1747] Fri Aug  7 12:05:56 2020 :: Child process 1836 ended with rc = 0
[1838] Fri Aug  7 12:06:05 2020 :: Configuration read from /etc/gridftp.conf.
[1838] Fri Aug  7 12:06:05 2020 :: Server started in inetd mode.
[1838] Fri Aug  7 12:06:05 2020 :: New connection from: testsuite.test.example:34250
[1838] Fri Aug  7 12:06:05 2020 :: DN /C=IT/O=IGI/CN=test0 successfully authorized.
[1838] Fri Aug  7 12:06:05 2020 :: User testdue008 successfully authorized.
[1838] Fri Aug  7 12:06:05 2020 :: Starting to transfer "/storage/nested/storm-testsuite_11572107082020/tmp.tTx9Cv4uO5/tmp.tA69gKYrF4_4".
[1838] Fri Aug  7 12:06:05 2020 :: Finished transferring "/storage/nested/storm-testsuite_11572107082020/tmp.tTx9Cv4uO5/tmp.tA69gKYrF4_4".
[1838] Fri Aug  7 12:06:05 2020 :: Closed connection from testsuite.test.example:34250
[1838] Fri Aug  7 12:06:05 2020 :: Called main session_stop after 1 ticks.
[1837] Fri Aug  7 12:06:05 2020 :: Configuration read from /etc/gridftp.conf.
[1837] Fri Aug  7 12:06:05 2020 :: Server started in inetd mode.
[1837] Fri Aug  7 12:06:05 2020 :: New connection from: testsuite.test.example:34248
[1837] Fri Aug  7 12:06:05 2020 :: DN /C=IT/O=IGI/CN=test0 successfully authorized.
[1837] Fri Aug  7 12:06:05 2020 :: User testdue008 successfully authorized.
[1837] Fri Aug  7 12:06:05 2020 :: Starting to transfer "/storage/nested/storm-testsuite_11572107082020/tmp.tTx9Cv4uO5/tmp.tA69gKYrF4_3".
[1837] Fri Aug  7 12:06:05 2020 :: globus_l_gfs_StoRM_send_next_to_client: finished (eof)
[1837] Fri Aug  7 12:06:05 2020 :: Finished transferring "/storage/nested/storm-testsuite_11572107082020/tmp.tTx9Cv4uO5/tmp.tA69gKYrF4_3".
[1837] Fri Aug  7 12:06:05 2020 :: Closed connection from testsuite.test.example:34248
[1747] Fri Aug  7 12:06:05 2020 :: Child process 1838 ended with rc = 0
[1747] Fri Aug  7 12:06:05 2020 :: Child process 1837 ended with rc = 0
[1839] Fri Aug  7 12:06:08 2020 :: Configuration read from /etc/gridftp.conf.
[1839] Fri Aug  7 12:06:08 2020 :: Server started in inetd mode.
[1839] Fri Aug  7 12:06:08 2020 :: New connection from: testsuite.test.example:34272
[1839] Fri Aug  7 12:06:08 2020 :: DN /C=IT/O=IGI/CN=test0 successfully authorized.
[1839] Fri Aug  7 12:06:08 2020 :: User tstvo013 successfully authorized.
[1839] Fri Aug  7 12:06:08 2020 :: Starting to transfer "/storage/test.vo/storm-testsuite_11572107082020/tmp.FSTrv2kQ1F".
[1839] Fri Aug  7 12:06:08 2020 :: Finished transferring "/storage/test.vo/storm-testsuite_11572107082020/tmp.FSTrv2kQ1F".
[1839] Fri Aug  7 12:06:08 2020 :: Closed connection from testsuite.test.example:34272
[1840] Fri Aug  7 12:06:09 2020 :: Configuration read from /etc/gridftp.conf.
[1840] Fri Aug  7 12:06:09 2020 :: Server started in inetd mode.
[1840] Fri Aug  7 12:06:09 2020 :: New connection from: testsuite.test.example:34296
[1840] Fri Aug  7 12:06:09 2020 :: DN /C=IT/O=IGI/CN=test0 successfully authorized.
[1840] Fri Aug  7 12:06:09 2020 :: User tstvo013 successfully authorized.
[1840] Fri Aug  7 12:06:09 2020 :: Starting to transfer "/storage/test.vo/storm-testsuite_11572107082020/tmp.r6JAtrZQSO".
[1840] Fri Aug  7 12:06:09 2020 :: Finished transferring "/storage/test.vo/storm-testsuite_11572107082020/tmp.r6JAtrZQSO".
[1840] Fri Aug  7 12:06:09 2020 :: Closed connection from testsuite.test.example:34296
[1747] Fri Aug  7 12:06:08 2020 :: Child process 1839 ended with rc = 0
[1747] Fri Aug  7 12:06:09 2020 :: Child process 1840 ended with rc = 0
[1841] Fri Aug  7 12:06:12 2020 :: Configuration read from /etc/gridftp.conf.
[1841] Fri Aug  7 12:06:12 2020 :: Server started in inetd mode.
[1841] Fri Aug  7 12:06:12 2020 :: New connection from: testsuite.test.example:34312
[1841] Fri Aug  7 12:06:12 2020 :: DN /C=IT/O=IGI/CN=test0 successfully authorized.
[1841] Fri Aug  7 12:06:12 2020 :: User tstvo013 successfully authorized.
[1841] Fri Aug  7 12:06:12 2020 :: Starting to transfer "/storage/test.vo/storm-testsuite_11572107082020/tmp.giE7KcEkAw".
[1841] Fri Aug  7 12:06:12 2020 :: Finished transferring "/storage/test.vo/storm-testsuite_11572107082020/tmp.giE7KcEkAw".
[1841] Fri Aug  7 12:06:12 2020 :: Closed connection from testsuite.test.example:34312
[1842] Fri Aug  7 12:06:13 2020 :: Configuration read from /etc/gridftp.conf.
[1842] Fri Aug  7 12:06:13 2020 :: Server started in inetd mode.
[1842] Fri Aug  7 12:06:13 2020 :: New connection from: testsuite.test.example:34326
[1842] Fri Aug  7 12:06:13 2020 :: DN /C=IT/O=IGI/CN=test0 successfully authorized.
[1842] Fri Aug  7 12:06:13 2020 :: User tstvo013 successfully authorized.
[1842] Fri Aug  7 12:06:13 2020 :: Starting to transfer "/storage/test.vo/storm-testsuite_11572107082020/tmp.fgBf3PgBG8".
[1842] Fri Aug  7 12:06:13 2020 :: Finished transferring "/storage/test.vo/storm-testsuite_11572107082020/tmp.fgBf3PgBG8".
[1842] Fri Aug  7 12:06:13 2020 :: Closed connection from testsuite.test.example:34326
[1747] Fri Aug  7 12:06:12 2020 :: Child process 1841 ended with rc = 0
[1747] Fri Aug  7 12:06:13 2020 :: Child process 1842 ended with rc = 0
