2020-08-07 11:42:16.173Z - INFO [ConfigReader] - Configuration file /etc/storm/backend-server/storm.properties. Refresh rate: 0 seconds
2020-08-07 11:42:16.324Z - DEBUG [ConfigReader] - Configuration properties: 
2020-08-07 11:42:16.330Z - DEBUG [ConfigReader] - storm.service.FE-public.hostname = frontend.test.example
2020-08-07 11:42:16.330Z - DEBUG [ConfigReader] - storm.service.port = 8444
2020-08-07 11:42:16.330Z - DEBUG [ConfigReader] - storm.service.SURL.endpoint = srm://frontend.test.example:8444/srm/managerv2
2020-08-07 11:42:16.330Z - DEBUG [ConfigReader] - storm.service.SURL.default-ports = 8444
2020-08-07 11:42:16.330Z - DEBUG [ConfigReader] - storm.service.request-db.host = backend.test.example
2020-08-07 11:42:16.330Z - DEBUG [ConfigReader] - storm.service.request-db.username = storm
2020-08-07 11:42:16.331Z - DEBUG [ConfigReader] - storm.service.request-db.passwd = storm
2020-08-07 11:42:16.331Z - DEBUG [ConfigReader] - directory.automatic-creation = false
2020-08-07 11:42:16.331Z - DEBUG [ConfigReader] - directory.writeperm = false
2020-08-07 11:42:16.331Z - DEBUG [ConfigReader] - pinLifetime.default = 259200
2020-08-07 11:42:16.331Z - DEBUG [ConfigReader] - pinLifetime.maximum = 1814400
2020-08-07 11:42:16.331Z - DEBUG [ConfigReader] - extraslashes.file = 
2020-08-07 11:42:16.331Z - DEBUG [ConfigReader] - extraslashes.gsiftp = /
2020-08-07 11:42:16.331Z - DEBUG [ConfigReader] - extraslashes.root = 
2020-08-07 11:42:16.331Z - DEBUG [ConfigReader] - fileLifetime.default = 259200
2020-08-07 11:42:16.332Z - DEBUG [ConfigReader] - default.overwrite = A
2020-08-07 11:42:16.332Z - DEBUG [ConfigReader] - default.storagetype = P
2020-08-07 11:42:16.332Z - DEBUG [ConfigReader] - persistence.internal-db.connection-pool = true
2020-08-07 11:42:16.332Z - DEBUG [ConfigReader] - persistence.internal-db.connection-pool.maxActive = 200
2020-08-07 11:42:16.332Z - DEBUG [ConfigReader] - persistence.internal-db.connection-pool.maxWait = 50
2020-08-07 11:42:16.332Z - DEBUG [ConfigReader] - scheduler.crusher.workerCorePoolSize = 50
2020-08-07 11:42:16.332Z - DEBUG [ConfigReader] - scheduler.crusher.workerMaxPoolSize = 200
2020-08-07 11:42:16.333Z - DEBUG [ConfigReader] - scheduler.crusher.queueSize = 2000
2020-08-07 11:42:16.333Z - DEBUG [ConfigReader] - scheduler.chunksched.ptp.workerCorePoolSize = 50
2020-08-07 11:42:16.333Z - DEBUG [ConfigReader] - scheduler.chunksched.ptp.workerMaxPoolSize = 200
2020-08-07 11:42:16.333Z - DEBUG [ConfigReader] - scheduler.chunksched.ptp.queueSize = 1000
2020-08-07 11:42:16.333Z - DEBUG [ConfigReader] - scheduler.chunksched.ptg.workerCorePoolSize = 50
2020-08-07 11:42:16.334Z - DEBUG [ConfigReader] - scheduler.chunksched.ptg.workerMaxPoolSize = 200
2020-08-07 11:42:16.334Z - DEBUG [ConfigReader] - scheduler.chunksched.ptg.queueSize = 2000
2020-08-07 11:42:16.334Z - DEBUG [ConfigReader] - scheduler.chunksched.bol.workerCorePoolSize = 50
2020-08-07 11:42:16.334Z - DEBUG [ConfigReader] - scheduler.chunksched.bol.workerMaxPoolSize = 200
2020-08-07 11:42:16.334Z - DEBUG [ConfigReader] - scheduler.chunksched.bol.queueSize = 2000
2020-08-07 11:42:16.334Z - DEBUG [ConfigReader] - asynch.db.ReconnectPeriod = 18000
2020-08-07 11:42:16.334Z - DEBUG [ConfigReader] - asynch.db.DelayPeriod = 30
2020-08-07 11:42:16.334Z - DEBUG [ConfigReader] - asynch.PickingInitialDelay = 1
2020-08-07 11:42:16.334Z - DEBUG [ConfigReader] - asynch.PickingTimeInterval = 2
2020-08-07 11:42:16.334Z - DEBUG [ConfigReader] - asynch.PickingMaxBatchSize = 100
2020-08-07 11:42:16.334Z - DEBUG [ConfigReader] - synchcall.directoryManager.maxLsEntry = 2000
2020-08-07 11:42:16.334Z - DEBUG [ConfigReader] - storm.rest.services.port = 9998
2020-08-07 11:42:16.335Z - DEBUG [ConfigReader] - storm.rest.services.maxthreads = 100
2020-08-07 11:42:16.335Z - DEBUG [ConfigReader] - storm.rest.services.max_queue_size = 1000
2020-08-07 11:42:16.335Z - DEBUG [ConfigReader] - synchcall.xmlrpc.unsecureServerPort = 8080
2020-08-07 11:42:16.335Z - DEBUG [ConfigReader] - synchcall.xmlrpc.maxthread = 256
2020-08-07 11:42:16.335Z - DEBUG [ConfigReader] - synchcall.xmlrpc.max_queue_size = 1000
2020-08-07 11:42:16.335Z - DEBUG [ConfigReader] - synchcall.xmlrpc.security.enabled = true
2020-08-07 11:42:16.335Z - DEBUG [ConfigReader] - synchcall.xmlrpc.security.token = NS4kYAZuR65XJCq
2020-08-07 11:42:16.335Z - DEBUG [ConfigReader] - gc.pinnedfiles.cleaning.delay = 10
2020-08-07 11:42:16.335Z - DEBUG [ConfigReader] - gc.pinnedfiles.cleaning.interval = 300
2020-08-07 11:42:16.335Z - DEBUG [ConfigReader] - tape.recalltable.service.param.retry-value = retry-value
2020-08-07 11:42:16.336Z - DEBUG [ConfigReader] - tape.recalltable.service.param.status = status
2020-08-07 11:42:16.336Z - DEBUG [ConfigReader] - tape.recalltable.service.param.takeover = first
2020-08-07 11:42:16.336Z - DEBUG [ConfigReader] - purging = true
2020-08-07 11:42:16.336Z - DEBUG [ConfigReader] - purge.interval = 600
2020-08-07 11:42:16.336Z - DEBUG [ConfigReader] - purge.size = 800
2020-08-07 11:42:16.336Z - DEBUG [ConfigReader] - expired.request.time = 21600
2020-08-07 11:42:16.336Z - DEBUG [ConfigReader] - expired.inprogress.time = 2592000
2020-08-07 11:42:16.336Z - DEBUG [ConfigReader] - transit.interval = 300
2020-08-07 11:42:16.336Z - DEBUG [ConfigReader] - transit.delay = 10
2020-08-07 11:42:16.336Z - DEBUG [ConfigReader] - ptg.skip-acl-setup = false
2020-08-07 11:42:16.336Z - DEBUG [ConfigReader] - sanity-check.enabled = true
2020-08-07 11:42:16.337Z - DEBUG [ConfigReader] - storm.service.du.enabled = true
2020-08-07 11:42:16.337Z - DEBUG [ConfigReader] - storm.service.du.delay = 60
2020-08-07 11:42:16.337Z - DEBUG [ConfigReader] - storm.service.du.interval = 360
2020-08-07 11:42:16.337Z - DEBUG [ConfigReader] - http.turl_prefix = 
2020-08-07 11:42:16.339Z - INFO [ConfigReader] - Configuration read successfully.
2020-08-07 11:42:16.410Z - DEBUG [ReservedSpaceCatalog] - Building Reserve Space Catalog...
2020-08-07 11:42:16.414Z - DEBUG [persistence] - DBMS Vendor =  mysql
2020-08-07 11:42:16.414Z - DEBUG [persistence] - DBMS URL    =  backend.test.example
2020-08-07 11:42:16.423Z - INFO [MySqlDAOFactory] - DAO factory: JDBC - MySQL DAO Factory
2020-08-07 11:42:16.471Z - DEBUG [persistence] - Datasource connection string = jdbc:mysql://backend.test.example/storm_be_ISAM
2020-08-07 11:42:16.471Z - DEBUG [persistence] - Pool mode = true
2020-08-07 11:42:16.471Z - DEBUG [persistence] - Pool Max Active = 200
2020-08-07 11:42:16.471Z - DEBUG [persistence] - Pool Max Wait = 50
2020-08-07 11:42:16.474Z - INFO [Bootstrap] - Configuring logging from /etc/storm/backend-server/logging.xml
